Determining if the pthread_create exist failed with the following output:
Change Dir: /home/michiel/simulation/ros_catkin_ws/src/gscam/build/CMakeFiles/CMakeTmp

Run Build Command:/usr/bin/make "cmTryCompileExec3507508341/fast"
make[1]: Entering directory `/home/michiel/simulation/ros_catkin_ws/src/gscam/build/CMakeFiles/CMakeTmp'
/usr/bin/make -f CMakeFiles/cmTryCompileExec3507508341.dir/build.make CMakeFiles/cmTryCompileExec3507508341.dir/build
make[2]: Entering directory `/home/michiel/simulation/ros_catkin_ws/src/gscam/build/CMakeFiles/CMakeTmp'
/usr/bin/cmake -E cmake_progress_report /home/michiel/simulation/ros_catkin_ws/src/gscam/build/CMakeFiles/CMakeTmp/CMakeFiles 1
Building C object CMakeFiles/cmTryCompileExec3507508341.dir/CheckSymbolExists.c.o
/usr/bin/cc    -o CMakeFiles/cmTryCompileExec3507508341.dir/CheckSymbolExists.c.o   -c /home/michiel/simulation/ros_catkin_ws/src/gscam/build/CMakeFiles/CMakeTmp/CheckSymbolExists.c
Linking C executable cmTryCompileExec3507508341
/usr/bin/cmake -E cmake_link_script CMakeFiles/cmTryCompileExec3507508341.dir/link.txt --verbose=1
/usr/bin/cc       CMakeFiles/cmTryCompileExec3507508341.dir/CheckSymbolExists.c.o  -o cmTryCompileExec3507508341 -rdynamic 
CMakeFiles/cmTryCompileExec3507508341.dir/CheckSymbolExists.c.o: In function `main':
CheckSymbolExists.c:(.text+0x16): undefined reference to `pthread_create'
collect2: error: ld returned 1 exit status
make[2]: *** [cmTryCompileExec3507508341] Error 1
make[2]: Leaving directory `/home/michiel/simulation/ros_catkin_ws/src/gscam/build/CMakeFiles/CMakeTmp'
make[1]: *** [cmTryCompileExec3507508341/fast] Error 2
make[1]: Leaving directory `/home/michiel/simulation/ros_catkin_ws/src/gscam/build/CMakeFiles/CMakeTmp'

File /home/michiel/simulation/ros_catkin_ws/src/gscam/build/CMakeFiles/CMakeTmp/CheckSymbolExists.c:
/* */
#include <pthread.h>

int main(int argc, char** argv)
{
  (void)argv;
#ifndef pthread_create
  return ((int*)(&pthread_create))[argc];
#else
  (void)argc;
  return 0;
#endif
}

Determining if the function pthread_create exists in the pthreads failed with the following output:
Change Dir: /home/michiel/simulation/ros_catkin_ws/src/gscam/build/CMakeFiles/CMakeTmp

Run Build Command:/usr/bin/make "cmTryCompileExec2502338831/fast"
make[1]: Entering directory `/home/michiel/simulation/ros_catkin_ws/src/gscam/build/CMakeFiles/CMakeTmp'
/usr/bin/make -f CMakeFiles/cmTryCompileExec2502338831.dir/build.make CMakeFiles/cmTryCompileExec2502338831.dir/build
make[2]: Entering directory `/home/michiel/simulation/ros_catkin_ws/src/gscam/build/CMakeFiles/CMakeTmp'
/usr/bin/cmake -E cmake_progress_report /home/michiel/simulation/ros_catkin_ws/src/gscam/build/CMakeFiles/CMakeTmp/CMakeFiles 1
Building C object CMakeFiles/cmTryCompileExec2502338831.dir/CheckFunctionExists.c.o
/usr/bin/cc   -DCHECK_FUNCTION_EXISTS=pthread_create   -o CMakeFiles/cmTryCompileExec2502338831.dir/CheckFunctionExists.c.o   -c /usr/share/cmake-2.8/Modules/CheckFunctionExists.c
Linking C executable cmTryCompileExec2502338831
/usr/bin/cmake -E cmake_link_script CMakeFiles/cmTryCompileExec2502338831.dir/link.txt --verbose=1
/usr/bin/cc   -DCHECK_FUNCTION_EXISTS=pthread_create    CMakeFiles/cmTryCompileExec2502338831.dir/CheckFunctionExists.c.o  -o cmTryCompileExec2502338831 -rdynamic -lpthreads 
/usr/bin/ld: cannot find -lpthreads
collect2: error: ld returned 1 exit status
make[2]: *** [cmTryCompileExec2502338831] Error 1
make[2]: Leaving directory `/home/michiel/simulation/ros_catkin_ws/src/gscam/build/CMakeFiles/CMakeTmp'
make[1]: Leaving directory `/home/michiel/simulation/ros_catkin_ws/src/gscam/build/CMakeFiles/CMakeTmp'
make[1]: *** [cmTryCompileExec2502338831/fast] Error 2


